Using pre-set license
Built from '2020.3/staging' branch; Version is '2020.3.26f1 (7298b473bc1a) revision 7510196'; Using compiler version '192528614'; Build Type 'Release'
OS: 'Windows 10  (10.0.19044) 64bit Core' Language: 'no' Physical Memory: 16314 MB
BatchMode: 1, IsHumanControllingUs: 0, StartBugReporterOnCrash: 0, Is64bit: 1, IsPro: 0

COMMAND LINE ARGUMENTS:
C:\Program Files\Unity\Hub\Editor\2020.3.26f1\Editor\Unity.exe
-adb2
-batchMode
-noUpm
-name
AssetImportWorker0
-projectPath
C:/Users/stiol/Desktop/School/Studio2/The game/TheGame/FlorenceGame
-logFile
Logs/AssetImportWorker0.log
-srvPort
62926
Successfully changed project path to: C:/Users/stiol/Desktop/School/Studio2/The game/TheGame/FlorenceGame
C:/Users/stiol/Desktop/School/Studio2/The game/TheGame/FlorenceGame
Using Asset Import Pipeline V2.
Refreshing native plugins compatible for Editor in 65.41 ms, found 2 plugins.
Preloading 0 native plugins for Editor in 0.00 ms.
Initialize engine version: 2020.3.26f1 (7298b473bc1a)
[Subsystems] Discovering subsystems at path C:/Program Files/Unity/Hub/Editor/2020.3.26f1/Editor/Data/Resources/UnitySubsystems
[Subsystems] Discovering subsystems at path C:/Users/stiol/Desktop/School/Studio2/The game/TheGame/FlorenceGame/Assets
GfxDevice: creating device client; threaded=0
Direct3D:
    Version:  Direct3D 11.0 [level 11.1]
    Renderer: NVIDIA GeForce RTX 2080 (ID=0x1e87)
    Vendor:   
    VRAM:     8010 MB
    Driver:   27.21.14.6109
Initialize mono
Mono path[0] = 'C:/Program Files/Unity/Hub/Editor/2020.3.26f1/Editor/Data/Managed'
Mono path[1] = 'C:/Program Files/Unity/Hub/Editor/2020.3.26f1/Editor/Data/MonoBleedingEdge/lib/mono/unityjit'
Mono config path = 'C:/Program Files/Unity/Hub/Editor/2020.3.26f1/Editor/Data/MonoBleedingEdge/etc'
Using monoOptions --debugger-agent=transport=dt_socket,embedding=1,server=y,suspend=n,address=127.0.0.1:56196
Begin MonoManager ReloadAssembly
Registering precompiled unity dll's ...
Register platform support module: C:/Program Files/Unity/Hub/Editor/2020.3.26f1/Editor/Data/PlaybackEngines/WindowsStandaloneSupport/UnityEditor.WindowsStandalone.Extensions.dll
Registered in 0.003489 seconds.
Native extension for WindowsStandalone target not found
Refreshing native plugins compatible for Editor in 66.02 ms, found 2 plugins.
Preloading 0 native plugins for Editor in 0.00 ms.
Mono: successfully reloaded assembly
- Completed reload, in  0.665 seconds
Domain Reload Profiling:
	ReloadAssembly (665ms)
		BeginReloadAssembly (62ms)
			ExecutionOrderSort (0ms)
			DisableScriptedObjects (0ms)
			BackupInstance (0ms)
			ReleaseScriptingObjects (0ms)
			CreateAndSetChildDomain (1ms)
		EndReloadAssembly (512ms)
			LoadAssemblies (59ms)
			RebuildTransferFunctionScriptingTraits (0ms)
			SetupTypeCache (167ms)
			ReleaseScriptCaches (0ms)
			RebuildScriptCaches (28ms)
			SetupLoadedEditorAssemblies (204ms)
				LogAssemblyErrors (0ms)
				InitializePlatformSupportModulesInManaged (5ms)
				SetLoadedEditorAssemblies (0ms)
				RefreshPlugins (66ms)
				BeforeProcessingInitializeOnLoad (9ms)
				ProcessInitializeOnLoadAttributes (91ms)
				ProcessInitializeOnLoadMethodAttributes (33ms)
				AfterProcessingInitializeOnLoad (0ms)
				EditorAssembliesLoaded (0ms)
			ExecutionOrderSort2 (0ms)
			AwakeInstancesAfterBackupRestoration (0ms)
Platform modules already initialized, skipping
Registering precompiled user dll's ...
Registered in 0.008221 seconds.
Begin MonoManager ReloadAssembly
Native extension for WindowsStandalone target not found
Refreshing native plugins compatible for Editor in 65.55 ms, found 2 plugins.
Preloading 0 native plugins for Editor in 0.00 ms.
Mono: successfully reloaded assembly
- Completed reload, in  1.316 seconds
Domain Reload Profiling:
	ReloadAssembly (1317ms)
		BeginReloadAssembly (161ms)
			ExecutionOrderSort (0ms)
			DisableScriptedObjects (5ms)
			BackupInstance (0ms)
			ReleaseScriptingObjects (0ms)
			CreateAndSetChildDomain (19ms)
		EndReloadAssembly (1083ms)
			LoadAssemblies (109ms)
			RebuildTransferFunctionScriptingTraits (0ms)
			SetupTypeCache (365ms)
			ReleaseScriptCaches (1ms)
			RebuildScriptCaches (56ms)
			SetupLoadedEditorAssemblies (408ms)
				LogAssemblyErrors (0ms)
				InitializePlatformSupportModulesInManaged (5ms)
				SetLoadedEditorAssemblies (0ms)
				RefreshPlugins (66ms)
				BeforeProcessingInitializeOnLoad (95ms)
				ProcessInitializeOnLoadAttributes (223ms)
				ProcessInitializeOnLoadMethodAttributes (10ms)
				AfterProcessingInitializeOnLoad (9ms)
				EditorAssembliesLoaded (0ms)
			ExecutionOrderSort2 (0ms)
			AwakeInstancesAfterBackupRestoration (8ms)
Platform modules already initialized, skipping
========================================================================
Worker process is ready to serve import requests
Launched and connected shader compiler UnityShaderCompiler.exe after 0.06 seconds
Refreshing native plugins compatible for Editor in 0.65 ms, found 2 plugins.
Preloading 0 native plugins for Editor in 0.00 ms.
Unloading 3174 Unused Serialized files (Serialized files now loaded: 0)
System memory in use before: 141.0 MB.
System memory in use after: 141.2 MB.

Unloading 21 unused Assets to reduce memory usage. Loaded Objects now: 3608.
Total: 3.821800 ms (FindLiveObjects: 0.306700 ms CreateObjectMapping: 0.077200 ms MarkObjects: 3.297600 ms  DeleteObjects: 0.139100 ms)

AssetImportParameters requested are different than current active one (requested -> active):
  custom:framework-win-MediaFoundation: 216162199b28c13a410421893ffa2e32 -> 
  custom:video-decoder-ogg-theora: a1e56fd34408186e4bbccfd4996cb3dc -> 
  custom:container-muxer-webm: aa71ff27fc2769a1b78a27578f13a17b -> 
  custom:container-demuxer-webm: 4f35f7cbe854078d1ac9338744f61a02 -> 
  custom:container-demuxer-ogg: 62fdf1f143b41e24485cea50d1cbac27 -> 
  custom:video-encoder-webm-vp8: eb34c28f22e8b96e1ab97ce403110664 -> 
  custom:video-codec-MediaFoundation-h265: 746d11721c4dcdbdad8f713fa42b33f4 -> 
  custom:video-decoder-webm-vp8: 9c59270c3fd7afecdb556c50c9e8de78 -> 
  custom:audio-decoder-ogg-vorbis: bf7c407c2cedff20999df2af8eb42d56 -> 
  custom:audio-encoder-webm-vorbis: bf7c407c2cedff20999df2af8eb42d56 -> 
========================================================================
Received Import Request.
  path: Assets/Models/Bandage_LP.obj
  artifactKey: Guid(44b513b0ef6bb454a9aa3ab672fc0736) Importer(815301076,1909f56bfc062723c751e8b465ee728b)
Start importing Assets/Models/Bandage_LP.obj using Guid(44b513b0ef6bb454a9aa3ab672fc0736) Importer(815301076,1909f56bfc062723c751e8b465ee728b)  -> (artifact id: '16442cf47771079fed989bbd80196685') in 0.317596 seconds 
  Import took 0.322327 seconds .

========================================================================
Received Import Request.
  Time since last request: 0.000200 seconds.
  path: Assets/Models/Bridge_LoPoly_Export.obj
  artifactKey: Guid(f0b32eb5bff0c5f4d9fd15ba6f5b49da) Importer(815301076,1909f56bfc062723c751e8b465ee728b)
Start importing Assets/Models/Bridge_LoPoly_Export.obj using Guid(f0b32eb5bff0c5f4d9fd15ba6f5b49da) Importer(815301076,1909f56bfc062723c751e8b465ee728b)  -> (artifact id: '7a9e4220c21a2a66a83356546f82c412') in 0.037630 seconds 
  Import took 0.041989 seconds .

========================================================================
Received Import Request.
  Time since last request: 60.191584 seconds.
  path: Assets/Scenes/Blockout.unity
  artifactKey: Guid(be4a988fabf12dd44a39f1f56b3e3408) Importer(815301076,1909f56bfc062723c751e8b465ee728b)
Start importing Assets/Scenes/Blockout.unity using Guid(be4a988fabf12dd44a39f1f56b3e3408) Importer(815301076,1909f56bfc062723c751e8b465ee728b)  -> (artifact id: '779a109043b75a4fca16c940be00e0e5') in 0.008579 seconds 
  Import took 0.013084 seconds .

========================================================================
Received Import Request.
  Time since last request: 54.388534 seconds.
  path: Assets/Scenes/TestScene.unity
  artifactKey: Guid(4e340e7f10fee29438ff73f1665fe7ba) Importer(815301076,1909f56bfc062723c751e8b465ee728b)
Start importing Assets/Scenes/TestScene.unity using Guid(4e340e7f10fee29438ff73f1665fe7ba) Importer(815301076,1909f56bfc062723c751e8b465ee728b)  -> (artifact id: 'c5654aba0e239d63b15b97ec68262117') in 0.010857 seconds 
  Import took 0.015413 seconds .

========================================================================
Received Import Request.
  Time since last request: 1.738274 seconds.
  path: Assets/Scenes/Blockout_sickbay.unity
  artifactKey: Guid(e905a43d8525b7c40bac5787d396778c) Importer(815301076,1909f56bfc062723c751e8b465ee728b)
Start importing Assets/Scenes/Blockout_sickbay.unity using Guid(e905a43d8525b7c40bac5787d396778c) Importer(815301076,1909f56bfc062723c751e8b465ee728b)  -> (artifact id: 'a91a1c475f21b9252778fb36225e77fa') in 0.008793 seconds 
  Import took 0.013274 seconds .

AssetImportWorkerClient::OnTransportError - code=2 error=End of file
